Determining if the pthread_create exist failed with the following output:
Change Dir: /home/julia/drone/build/CMakeFiles/CMakeTmp

Run Build Command:"/usr/bin/make" "cmTC_c4bdf/fast"
/usr/bin/make -f CMakeFiles/cmTC_c4bdf.dir/build.make CMakeFiles/cmTC_c4bdf.dir/build
make[1]: вход в каталог «/home/julia/drone/build/CMakeFiles/CMakeTmp»
Building C object CMakeFiles/cmTC_c4bdf.dir/CheckSymbolExists.c.o
/usr/bin/cc     -o CMakeFiles/cmTC_c4bdf.dir/CheckSymbolExists.c.o   -c /home/julia/drone/build/CMakeFiles/CMakeTmp/CheckSymbolExists.c
Linking C executable cmTC_c4bdf
/usr/bin/cmake -E cmake_link_script CMakeFiles/cmTC_c4bdf.dir/link.txt --verbose=1
/usr/bin/cc       CMakeFiles/cmTC_c4bdf.dir/CheckSymbolExists.c.o  -o cmTC_c4bdf -rdynamic 
CMakeFiles/cmTC_c4bdf.dir/CheckSymbolExists.c.o: In function `main':
CheckSymbolExists.c:(.text+0xa): undefined reference to `pthread_create'
collect2: error: ld returned 1 exit status
CMakeFiles/cmTC_c4bdf.dir/build.make:97: ошибка выполнения рецепта для цели «cmTC_c4bdf»
make[1]: *** [cmTC_c4bdf] Ошибка 1
make[1]: выход из каталога «/home/julia/drone/build/CMakeFiles/CMakeTmp»
Makefile:126: ошибка выполнения рецепта для цели «cmTC_c4bdf/fast»
make: *** [cmTC_c4bdf/fast] Ошибка 2

File /home/julia/drone/build/CMakeFiles/CMakeTmp/CheckSymbolExists.c:
/* */
#include <pthread.h>

int main(int argc, char** argv)
{
  (void)argv;
#ifndef pthread_create
  return ((int*)(&pthread_create))[argc];
#else
  (void)argc;
  return 0;
#endif
}

Determining if the function pthread_create exists in the pthreads failed with the following output:
Change Dir: /home/julia/drone/build/CMakeFiles/CMakeTmp

Run Build Command:"/usr/bin/make" "cmTC_b4369/fast"
/usr/bin/make -f CMakeFiles/cmTC_b4369.dir/build.make CMakeFiles/cmTC_b4369.dir/build
make[1]: вход в каталог «/home/julia/drone/build/CMakeFiles/CMakeTmp»
Building C object CMakeFiles/cmTC_b4369.dir/CheckFunctionExists.c.o
/usr/bin/cc    -DCHECK_FUNCTION_EXISTS=pthread_create   -o CMakeFiles/cmTC_b4369.dir/CheckFunctionExists.c.o   -c /usr/share/cmake-3.5/Modules/CheckFunctionExists.c
Linking C executable cmTC_b4369
/usr/bin/cmake -E cmake_link_script CMakeFiles/cmTC_b4369.dir/link.txt --verbose=1
/usr/bin/cc   -DCHECK_FUNCTION_EXISTS=pthread_create    CMakeFiles/cmTC_b4369.dir/CheckFunctionExists.c.o  -o cmTC_b4369 -rdynamic -lpthreads 
/usr/bin/ld: cannot find -lpthreads
collect2: error: ld returned 1 exit status
CMakeFiles/cmTC_b4369.dir/build.make:97: ошибка выполнения рецепта для цели «cmTC_b4369»
make[1]: *** [cmTC_b4369] Ошибка 1
make[1]: выход из каталога «/home/julia/drone/build/CMakeFiles/CMakeTmp»
Makefile:126: ошибка выполнения рецепта для цели «cmTC_b4369/fast»
make: *** [cmTC_b4369/fast] Ошибка 2


